         w __deregister_frame_info
         w __register_frame_info
         w userAppExit
         w userAppInit
00000000 00000802 B __ctru_dev_utf16_buf
00000000 a shift
00000000 a shift
00000000 A __sync_synchronize
00000000 b _TLS_MODULE_BASE_
00000804 00000401 B __ctru_dev_path_buf
00100000 A __start__
00100000 T _start
00100008 T __service_ptr
0010000c T __apt_appid
00100010 T __heap_size
00100014 T __linear_heap_size
00100018 T __system_arglist
0010001c T __system_runflags
00100020 t startup
00100058 t ClearMem
0010006c t ClrLoop
00100094 T _init
001000ac T __aeabi_idiv
001000ac 00000220 T __divsi3
001000b4 t .divsi3_skip_div0_test
001002cc 00000020 T __aeabi_idivmod
001002ec 00000004 W __aeabi_idiv0
001002ec 00000004 W __aeabi_ldiv0
001002f0 T __aeabi_uldivmod
00100348 00000390 T strcmp
001006d0 T __aeabi_uidiv
001006d0 000001ec T __udivsi3
001006d0 t .udivsi3_skip_div0_test
001008bc 00000020 T __aeabi_uidivmod
001008dc T __aeabi_drsub
001008e4 000002b0 T __aeabi_dsub
001008e4 000002b0 T __subdf3
001008e8 000002ac T __adddf3
001008e8 000002ac T __aeabi_dadd
00100b94 00000024 T __aeabi_ui2d
00100b94 00000024 T __floatunsidf
00100bb8 00000028 T __aeabi_i2d
00100bb8 00000028 T __floatsidf
00100be0 00000048 T __aeabi_f2d
00100be0 00000048 T __extendsfdf2
00100c28 00000074 T __aeabi_ul2d
00100c28 00000074 T __floatundidf
00100c3c 00000060 T __aeabi_l2d
00100c3c 00000060 T __floatdidf
00100c9c t __do_global_dtors_aux
00100cec t frame_dummy
00100d18 000000a0 T cities_load
00100db8 00000094 T cities_save
00100e4c 000000a4 T cities_add
00100ef0 00000060 T cities_remove
00100f50 00000064 T cities_swap
00100fb4 00000018 T jsmn_init
00100fcc 00000478 T jsmn_parse
00101444 00000014 T lang_set
00101458 00000038 T lang_get
00101490 00000020 T lang_name
001014b0 00000148 t show_wifi_error
001015f8 00000170 t draw_credits
00101768 00000438 t draw_details
00101ba0 000003f0 t draw_compare
00101f90 00000144 t draw_menu
001020d4 00000178 t draw_language
0010224c 00000180 t draw_reorder
001023cc 0000020c t draw_compare_sel
001025d8 0000020c t draw_legend
001027e4 000001f0 t draw_daily
001029d4 00000224 t draw_city_list
00102bf8 000002b0 t draw_hourly
00102ea8 00000318 t draw_current
001031c0 00000fb8 T main
00104178 000001f4 t http_get.constprop.0
0010436c 000003ac T weather_geocode
00104718 00000f04 T weather_fetch
0010561c 0000001c T weather_code_desc
00105638 000000bc T weather_code_icon
001056f4 00000018 T consoleSelect
0010570c 000001c8 T consoleDrawChar
001058d4 00000170 T consolePrintChar
00105a44 00000cc8 T con_write
0010670c 000000fc t newRow
00106808 00000180 T consoleInit
00106988 000000b8 T consoleClear
00106a40 000000cc t gfxPresentFramebuffer
00106b0c 0000001c T gfxIsWide
00106b28 000000f8 T gfxSetScreenFormat
00106c20 00000010 T gfxSetDoubleBuffering
00106c30 000000d8 T gfxInit
00106d08 00000010 T gfxInitDefault
00106d18 000000b8 T gfxExit
00106dd0 000000a0 T gfxGetFramebuffer
00106e70 00000100 T gfxFlushBuffers
00106f70 00000050 T gfxSwapBuffers
00106fc0 00000050 T gfxSwapBuffersGpu
00107010 00000090 T acInit
001070a0 0000003c T acExit
001070dc 00000180 t aptConvertScreenForCapture
0010725c 00000008 W aptDspSleep
00107264 00000004 W aptDspWakeup
00107268 00000004 W aptDspCancel
0010726c 00000138 T aptSendCommand
001073a8 00000044 t aptExitProcess
001073ec 00000394 T aptExit
00107780 000000d8 T aptHandleSleep
00107858 0000001c T aptSetMessageCallback
00107874 00000084 T APT_SleepIfShellClosed
001078f8 00000078 T aptSetSleepAllowed
00107970 00000084 T APT_UnlockTransition
001079f8 00000470 t aptEventHandler
00107e68 000000bc T APT_ReceiveParameter
00107f24 000000b0 t aptReceiveParameter.constprop.0
00107fd8 00000294 t aptScreenTransfer
0010826c 000002d0 t aptWaitForWakeUp.isra.0
0010853c 00000114 T aptLaunchLibraryApplet
00108650 000000f4 T aptJumpToHomeMenu
00108744 00000058 T aptMainLoop
0010879c 00000240 T aptInit
001089dc 0000005c T APT_SendParameter
00108a38 00000090 T APT_CheckNew3DS
00108ac8 000000a8 T cfguInit
00108b70 0000003c T cfguExit
00108bac 00000c70 t gspHardwareInit
0010981c 00000288 T gspInit
00109aa4 00000104 T gspExit
00109ba8 00000010 T gspHasGpuRight
00109bb8 000000a4 T gspPresentBuffer
00109c5c 00000050 T gspWaitForEvent
00109cac 00000004 W gxCmdQueueInterrupt
00109cb0 00000154 t gspEventThreadMain
00109e04 00000050 T GSPGPU_FlushDataCache
00109e54 00000034 T GSPGPU_SetLcdForceBlack
00109e88 00000084 T GSPGPU_AcquireRight
00109f0c 00000064 T GSPGPU_ReleaseRight
00109f70 0000007c T GSPGPU_ImportDisplayCaptureInfo
00109fec 0000002c T GSPGPU_SaveVramSysArea
0010a018 0000002c T GSPGPU_RestoreVramSysArea
0010a044 00000024 W hidShouldUseIrrst
0010a068 000001cc T hidInit
0010a234 000000e8 T hidExit
0010a31c 000002a0 T hidScanInput
0010a5bc 00000010 T hidKeysDown
0010a5cc 00000200 T httpcInit
0010a7cc 000000bc T httpcExit
0010a888 00000170 T httpcOpenContext
0010a9f8 00000040 T httpcCloseContext
0010aa38 0000008c T httpcAddRequestHeaderField
0010aac4 00000030 T httpcBeginRequest
0010aaf4 00000044 T httpcReceiveData
0010ab38 00000064 T httpcGetDownloadSizeState
0010ab9c 0000008c T httpcGetResponseHeader
0010ac28 0000003c T httpcGetResponseStatusCode
0010ac64 00000034 T httpcSetSSLOpt
0010ac98 00000034 T httpcSetKeepAlive
0010accc 000001a4 T irrstInit
0010ae70 000000dc T irrstExit
0010af4c 000000b4 T irrstScanInput
0010b000 00000024 T irrstKeysHeld
0010b024 00000034 t soc_read
0010b058 00000034 t soc_write
0010b08c 000000b0 t soc_close
0010b13c 00000190 T socInit
0010b2cc 00000088 T socExit
0010b354 00000148 T socuipc_cmd7
0010b49c 00000168 T socuipc_cmd8
0010b604 00000010 T soc_recvfrom
0010b614 0000015c T socuipc_cmd9
0010b770 00000160 T socuipc_cmda
0010b8d0 00000010 T soc_sendto
0010b8e0 00000190 t swkbdMessageCallback
0010ba70 00000084 T swkbdInit
0010baf4 00000064 T swkbdSetHintText
0010bb58 00000088 T swkbdSetButton
0010bbe0 000003a8 T swkbdInputText
0010bf88 000000e8 T utf16_to_utf8
0010c070 000000c0 T utf8_to_utf16
0010c130 00000038 W __libctru_init
0010c168 0000016c W __system_initArgv
0010c2d4 00000030 T __syscall_getreent
0010c304 00000004 T __syscall_lock_acquire
0010c308 00000004 T __syscall_lock_release
0010c30c 00000004 T __syscall_lock_acquire_recursive
0010c310 00000004 T __syscall_lock_release_recursive
0010c314 00000004 T __syscall_exit
0010c318 00000054 T initThreadVars
0010c36c 00000080 T __system_initSyscalls
0010c3ec T svcControlMemory
0010c40c T svcQueryMemory
0010c43c T svcExitProcess
0010c444 T svcCreateThread
0010c464 T svcExitThread
0010c46c T svcSleepThread
0010c474 T svcReleaseMutex
0010c47c T svcCreateEvent
0010c490 T svcSignalEvent
0010c498 T svcClearEvent
0010c4a0 T svcCreateMemoryBlock
0010c4b8 T svcMapMemoryBlock
0010c4c0 T svcUnmapMemoryBlock
0010c4c8 T svcCreateAddressArbiter
0010c4dc T svcArbitrateAddressNoTimeout
0010c4e4 T svcCloseHandle
0010c4ec T svcWaitSynchronization
0010c4f4 T svcWaitSynchronizationN
0010c51c T svcDuplicateHandle
0010c530 T svcConnectToPort
0010c544 T svcSendSyncRequest
0010c54c T svcGetResourceLimit
0010c560 T svcGetResourceLimitLimitValues
0010c568 T svcGetResourceLimitCurrentValues
0010c570 T svcBreak
0010c578 W initSystem
0010c5c8 W __ctru_exit
0010c5dc 00000024 t addrMapNodeComparator(rbtree_node const*, rbtree_node const*)
0010c600 00000004 t addrMapNodeDestructor(rbtree_node*)
0010c604 0000012c T linearMemAlign
0010c730 00000008 T linearAlloc
0010c738 0000005c T linearFree
0010c794 00000088 T MemPool::CoalesceRight(MemBlock*)
0010c81c 00000178 T MemPool::Allocate(MemChunk&, unsigned long, int)
0010c994 00000118 T MemPool::Deallocate(MemChunk const&)
0010caac 00000030 T MemPool::GetFreeSpace()
0010cadc 00000024 t addrMapNodeComparator(rbtree_node const*, rbtree_node const*)
0010cb00 00000004 t addrMapNodeDestructor(rbtree_node*)
0010cb04 00000248 T vramMemAlignAt
0010cd4c 0000000c T vramAlloc
0010cd58 00000094 T vramFree
0010cdec 0000008c W envGetHandle
0010ce78 00000050 W envDestroyHandles
0010cec8 00000034 T __ctru_speedup_config
0010cefc 00000164 T srvInit
0010d060 00000064 T srvExit
0010d0c4 00000060 T srvEnableNotification
0010d124 000000a0 T srvGetServiceHandleDirect
0010d1c4 00000048 T srvGetServiceHandle
0010d20c 00000034 T srvSubscribe
0010d240 00000060 T srvReceiveNotification
0010d2a0 00000038 T srvPublishToSubscriber
0010d2d8 0000000c T __sync_init
0010d2e4 00000018 T __sync_fini
0010d2fc 00000028 T syncArbitrateAddress
0010d324 000000ac T LightLock_Lock
0010d3d0 00000040 T LightLock_Unlock
0010d410 00000054 T RecursiveLock_Lock
0010d464 00000054 T RecursiveLock_Unlock
0010d4b8 00000044 T LightEvent_Init
0010d4fc 000000b8 T LightEvent_Clear
0010d5b4 000000dc T LightEvent_Signal
0010d690 00000050 T LightEvent_TryWait
0010d6e0 000000ac T LightEvent_Wait
0010d78c 000001fc T threadCreate
0010d988 00000038 T threadFree
0010d9c0 00000024 T threadJoin
0010d9e4 00000030 T threadGetCurrent
0010da14 00000040 T threadExit
0010da54 00000020 t _thread_begin
0010da74 00000090 t mappableFindAddressWithin
0010db04 00000028 T mappableInit
0010db2c 0000007c T mappableAlloc
0010dba8 00000004 T mappableFree
0010dbac 00000078 T ptmSysmInit
0010dc24 0000003c T ptmSysmExit
0010dc60 00000034 T PTMSYSM_ConfigureNew3DSCPU
0010dc94 0000000c T srvPmGetSessionHandle
0010dca0 0000003c T _net_convert_error
0010dcdc 00000074 T rbtree_find
0010dd50 00000010 T rbtree_init
0010dd60 00000198 t do_insert
0010def8 00000008 T rbtree_insert
0010df00 00000310 T rbtree_remove
0010e210 00000090 T rbtree_rotate
0010e2a0 00000054 T decode_utf16
0010e2f4 00000140 T decode_utf8
0010e434 00000054 T encode_utf16
0010e488 000000e0 T encode_utf8
0010e568 000001e8 W __system_allocateHeaps
0010e750 00000030 W __appExit
0010e780 00000030 W __appInit
0010e7b0 00000090 W __libctru_exit
0010e840 00000024 t error_cmp
0010e864 00000050 t archive_translate_error
0010e8b4 000000c0 t archive_seek
0010e974 00000078 t _archiveInit.part.0
0010e9ec 00000110 t archiveFindDevice.part.0
0010eafc 00000298 t archive_utf16path
0010ed94 00000098 t _archiveUnmountDeviceStruct.part.0
0010ee2c 00000178 t _archiveMountDevice
0010efa4 000000f8 t archive_diropen
0010f09c 000000ac t archive_fstat
0010f148 00000074 t archive_fsync
0010f1bc 00000074 t archive_close
0010f230 00000078 t archive_dirclose
0010f2a8 000000ec t sdmc_statvfs
0010f394 000000f8 t archive_chdir
0010f48c 0000008c t archive_ftruncate
0010f518 000000bc t archive_read
0010f5d4 000000a8 t archive_unlink
0010f67c 000000c0 t archive_rmdir
0010f73c 000000d8 t archive_mkdir
0010f814 000001a0 t archive_stat
0010f9b4 00000164 t archive_dirnext
0010fb18 0000013c t archive_write
0010fc58 00000254 t archive_open
0010feac 00000270 t archive_rename
0011011c 000001c8 T archiveMountSdmc
001102e4 00000054 T archiveUnmountAll
00110338 00000104 T fsInit
0011043c 0000003c T fsExit
00110478 00000068 T fsExemptFromSession
001104e0 00000050 T fsUnexemptFromSession
00110530 000000cc T FSUSER_OpenFile
001105fc 000000b8 T FSUSER_DeleteFile
001106b4 000000f4 T FSUSER_RenameFile
001107a8 000000b8 T FSUSER_DeleteDirectory
00110860 000000d0 T FSUSER_CreateFile
00110930 000000c0 T FSUSER_CreateDirectory
001109f0 000000f4 T FSUSER_RenameDirectory
00110ae4 000000b4 T FSUSER_OpenDirectory
00110b98 00000090 T FSUSER_OpenArchive
00110c28 0000008c T FSUSER_CloseArchive
00110cb4 00000074 T FSUSER_GetSdmcArchiveResource
00110d28 00000064 T FSUSER_IsSdmcWritable
00110d8c 00000064 T FSFILE_Read
00110df0 0000006c T FSFILE_Write
00110e5c 00000044 T FSFILE_GetSize
00110ea0 00000028 T FSFILE_SetSize
00110ec8 0000003c T FSFILE_Close
00110f04 00000024 T FSFILE_Flush
00110f28 00000060 T FSDIR_Read
00110f88 0000003c T FSDIR_Close
00110fc4 00000060 T rbtree_node_next
00111024 T __aeabi_read_tp
00111030 0000002c T __aeabi_d2lz
00111030 0000002c T __fixdfdi
00111060 00000040 T __aeabi_d2ulz
00111060 00000040 T __fixunsdfdi
001110a0 00000130 T __udivmoddi4
001111d0 000000e4 T strncat
001112b4 00000128 T memcpy
001113dc 0000008c T strlen
00111468 00000078 T bsearch
001114e0 00000134 T _fopen_r
00111614 00000028 T fopen
0011163c 00000060 t sulp
001116a0 00001428 T _strtod_l
00112ac8 00000044 T _strtod_r
00112b10 00000110 T strtof
00112c20 00000028 T memalign
00112c48 000000f4 t rshift
00112d3c 000008b4 T __gethex
001135f0 000000a0 T snprintf
00113690 00000034 T printf
001136c4 000001ec t _strtoul_l.isra.0
001138b0 00000038 T _strtoul_r
001138e8 0000003c T strtoul
00113924 0000016c T _memalign_r
00113a90 0000000c T __errno
00113a9c 00000024 T __locale_mb_cur_max
00113ac0 000000e4 T memset
00113ba4 0000022c T __sflush_r
00113dd0 000000c4 T _fflush_r
00113e94 0000003c T fscanf
00113ed0 0000082c T _malloc_r
001146fc 00000114 T _malloc_trim_r
00114810 00000314 T _free_r
00114b24 00000294 T setvbuf
00114db8 0000001c t stdio_exit_handler
00114dd4 0000005c t cleanup_stdio
00114e30 00000154 t global_stdio_init.part.0
00114f84 00000138 T __sfp
001150bc 0000005c T __sinit
00115118 0000000c T __sfp_lock_acquire
00115124 0000000c T __sfp_lock_release
00115130 0000000c T atoi
0011513c 00000384 t _strtol_l.part.0
001154c0 0000006c T _strtol_r
0011552c 00000074 T strtol
001155a0 00000084 T __libc_init_array
00115624 000000d4 T strncpy
001156f8 0000001c T _fseek_r
00115714 00000040 T malloc
00115754 00000020 T free
00115774 00000044 T __sread
001157b8 00000068 T __swrite
00115820 00000040 T __sseek
00115860 00000008 T __sclose
00115868 0000000c T __malloc_lock
00115874 0000000c T __malloc_unlock
00115880 00000588 T _fseeko_r
00115e08 00000148 T _fclose_r
00115f50 00000020 T fclose
00115f70 00000024 T putchar
00115f94 0000003c T fprintf
00115fd0 00000004 W __call_exitprocs
00115fd4 00000030 T exit
00116004 000005e0 t get_arg
001165e8 0000345c T _svfprintf_r
00119a44 000000b8 T __sflags
00119afc 000000f8 T __utf8_wctomb
00119bf4 0000003c T __libc_fini_array
00119c30 0000003c T strnlen
00119c6c 000000d8 T strncmp
00119d44 00000070 T __match
00119db4 000002a8 T __hexnan
0011a05c 00000038 t lflush
0011a094 000001a8 T __srefill_r
0011a240 00000010 T nan
0011a250 0000000c T nanf
0011a260 00000088 T frexp
0011a2e8 0000005c T __assert_func
0011a344 00000088 T _Balloc
0011a3cc 0000001c T _Bfree
0011a3e8 000000f4 T __multadd
0011a4dc 0000010c T __s2b
0011a5e8 00000080 T __hi0bits
0011a668 000000f0 T __lo0bits
0011a758 000000a4 T __i2b
0011a7fc 00000230 T __multiply
0011aa2c 00000130 T __pow5mult
0011ab5c 00000138 T __lshift
0011ac94 00000058 T __mcmp
0011acec 00000218 T __mdiff
0011af04 00000068 T __ulp
0011af6c 000000d4 T __b2d
0011b040 00000120 T __d2b
0011b160 00000078 T __ratio
0011b1d8 0000008c T __copybits
0011b264 0000005c T __any_on
0011b2c0 00000070 T _fwalk_sglue
0011b330 000005e0 t get_arg
0011b910 00003554 T _vfprintf_r
0011ee64 000000b4 t __sbprintf
0011ef18 000000a0 T _wcrtomb_r
0011efb8 000000a4 T __ssprint_r
0011f05c 00000340 T __utf8_mbtowc
0011f39c 0000003c T fiprintf
0011f3d8 00000140 T strchr
0011f518 00000014 T abort
0011f52c 00000164 T __smakebuf_r
0011f690 00000090 T __swhatbuf_r
0011f720 000000d8 T _calloc_r
0011f7f8 00000030 T __sprint_r
0011f828 00000050 t get_arg
0011f878 00002bc4 T __svfscanf_r
0012243c 00000040 T _vfscanf_r
0012247c 000000fc T _putc_r
00122578 000001c0 t quorem
00122738 00001420 T _dtoa_r
00123b58 00000124 T __swbuf_r
00123c7c 000000e8 T memchr
00123d64 00000028 T _wcsrtombs_r
00123d8c 00000140 T __swsetup_r
00123ecc 00000024 T _localeconv_r
00123ef0 0000012c T __ssputs_r
0012401c 000005e0 t get_arg
001245fc 000022f8 T _vfiprintf_r
001268f4 000000b4 t __sbprintf
001269a8 0000015c T _wcsnrtombs_l
00126b04 00000064 T _wcsnrtombs_r
00126b68 00000068 T sprintf
00126bd0 000000dc T stpncpy
00126cac 00000334 T _fread_r
00126fe0 00000008 T iswspace
00126fe8 00000264 t _strtoull_l.isra.0
0012724c 00000038 T _strtoull_r
00127284 000000b8 T __submore
0012733c 00000230 T _ungetc_r
0012756c 000000c4 T _mbrtowc_r
00127630 000004a4 T __sfvwrite_r
00127ad4 0000009c T _raise_r
00127b70 00000020 T raise
00127b90 000000f8 T __sccl
00127c88 0000047c t _strtoll_l.isra.0
00128104 00000038 T _strtoll_r
0012813c 00000028 T realloc
00128164 000001a8 T memmove
0012830c 000004f0 T _realloc_r
001287fc 00000038 T iswspace_l
00128834 00000090 T category
001288c4 00000020 T _exit
001288e4 00000140 T chdir
00128a24 000001c8 T _concatenate_path
00128bec 0000009c T _fstat_r
00128c88 00000014 T _getpid_r
00128c9c 0000002c T __getreent
00128cc8 000000a0 T __release_handle
00128d68 000000b0 T __alloc_handle
00128e18 00000058 T __get_handle
00128e70 00000110 T _close_r
00128f80 00000008 t null_write
00128f88 00000018 T setDefaultDevice
00128fa0 00000098 T FindDevice
00129038 00000024 T RemoveDevice
0012905c 00000088 T AddDevice
001290e4 00000020 T GetDeviceOpTab
00129104 00000008 T _isatty_r
0012910c 00000014 T _kill_r
00129120 00000094 T _lseek_r
001291b4 00000068 T mkdir
0012921c 000000c0 T _open_r
001292dc 00000094 T _read_r
00129370 00000078 W _sbrk_r
001293e8 0000001c T __libc_lock_acquire
00129404 0000001c T __libc_lock_release
00129420 0000001c T __libc_lock_acquire_recursive
0012943c 0000001c T __libc_lock_release_recursive
00129458 00000094 T _write_r
001294ec 00000048 T strrchr
00129534 T _fini
0012a000 00000674 r strings
0012a674 0000001c r CSWTCH.4
0012a6c4 00000010 r menu_labels
0012a6fc 00000190 r CSWTCH.113
0012ded8 r .LC2
0012e194 00000080 r dotab_stdout
0012e214 00000018 r grayScale
0012e22c 00000006 r colorCube
0012e234 00000030 r colorTable
0012e280 00000008 r morton_y.2
0012e288 00000008 r morton_x.3
0012e290 00000008 r s_sleepWakeEvents.4
0012e298 0000000c r serviceNameTable.5
0012e2a4 R default_font_bin
0012eaa4 R default_font_bin_end
0012eaa4 0000004d r _net_error_code_map
0012eaf4 00000030 r error_table
0012eb24 00000080 r archive_devoptab
0012ec08 00000014 r fpinan.0
0012ec1c 00000014 r fpi.1
0012ec30 00000028 r tinytens
0012ec58 00000100 R __hexdig
0012ee84 00000010 r zeroes.0
0012ee94 00000010 r blanks.1
0012eea4 00000101 R _ctype_
0012efa8 0000000c r p05.0
0012efb8 00000028 R __mprec_bigtens
0012efe0 000000c8 R __mprec_tens
0012f194 00000010 r zeroes.0
0012f1a4 00000010 r blanks.1
0012f1b4 0000006c R __action_table
0012f220 0000006c R __state_table
0012f28c 00000100 R __chclass
0012f4a0 00000022 r basefix.0
0012f5b4 00000010 r zeroes.0
0012f5c4 00000010 r blanks.1
0012f5d4 000037f8 r categories
00132dcc 00000080 R dotab_stdnull
00132e4c R __tdata_align
00132e50 r __EH_FRAME_BEGIN__
00132e50 R __exidx_end
00132e50 R __exidx_start
00133000 00000001 d firstConsoleInit.0
00133004 00000004 D currentConsole
00133008 00000048 D defaultConsole
00133050 00000004 d aptChainloadDeliverArgSize
00133054 00000004 d kCount
00133058 00000004 d kInterval
0013305c 00000004 d kDelay
00133060 00000080 d soc_devoptab
001330e0 W __stacksize__
001330e4 00000004 D _impure_ptr
001330e8 00000200 D _impure_data
001332e8 00000254 D __global_locale
0013353c 00000004 D __malloc_sbrk_base
00133540 00000004 D __malloc_trim_threshold
00133548 00000408 D __malloc_av_
00133950 0000000c D __sglue
0013395c 00000400 d _current_working_directory
00133d60 00001000 d handles
00134d60 0000000c d __stderr_handle
00134d6c 0000000c d __stdout_handle
00134d78 0000000c d __stdin_handle
00134d84 0000008c D devoptab_list
00134e10 00000004 d defaultDevice
00134e1c d _GLOBAL_OFFSET_TABLE_
00134e28 d __frame_dummy_init_array_entry
00134e28 D __init_array_start
00134e28 B __preinit_array_end
00134e28 B __preinit_array_start
00134e28 D __tdata_lma
00134e28 D __tdata_lma_end
00134e2c d __do_global_dtors_aux_fini_array_entry
00134e2c D __fini_array_start
00134e2c D __init_array_end
00134e30 D __bss_start__
00134e30 00000001 B currentLang
00134e30 D __fini_array_end
00134e34 00000048 b topScreen
00134e7c 00000048 b botScreen
00134ec4 b completed.1
00134ec8 b object.0
00134ee0 00000064 b escapeSeq
00134f44 00000048 B currentCopy
00134f8c 00000004 b screenAlloc
00134f90 00000004 b screenFree
00134f94 00000002 b gfxIsDoubleBuf
00134f98 00000002 b gfxCurBuf
00134f9a 00000001 b gfxIsVram
00134f9b 00000001 b gfxTopMode
00134f9c 00000002 b gfxFramebufferFormats
00134fa0 00000004 b gfxBottomFramebufferMaxSize
00134fa4 00000004 b gfxTopFramebufferMaxSize
00134fa8 00000008 b gfxBottomFramebuffers
00134fb0 00000008 b gfxTopFramebuffers
00134fb8 00000004 b acRefCount
00134fbc 00000004 b acHandle
00134fc0 00000001 b flagValue.0
00134fc1 00000001 b flagInit.1
00134fc4 00000004 b serviceName.6
00134fc8 00000001 b aptChainloadFlags
00134fc9 00000001 b aptChainloadMediatype
00134fcc 00000020 b aptChainloadHmac
00134fec 00000300 b aptChainloadDeliverArg
001352f0 00000008 b aptChainloadTid
001352f8 00001000 b aptParameters
001362f8 00000004 b aptFlags
001362fc 00000001 b aptHomeButtonState
00136300 00000004 b aptMessageFuncData
00136304 00000004 b aptMessageFunc
00136308 0000000c b aptFirstHook
00136314 00000001 b aptEventHandlerThreadQuit
00136318 00000004 b aptEventHandlerThread
0013631c 00000008 b aptSleepEvent
00136324 00000008 b aptReceiveEvent
0013632c 00000008 b aptEvents
00136334 00000004 b aptLockHandle
00136338 00000004 b aptRefCount
0013633c 00000004 b cfguRefCount
00136340 00000004 b cfguHandle
00136344 00000007 b gspEventCbOneShot
0013634c 0000001c b gspEventCbData
00136368 0000001c b gspEventCb
00136384 00000038 b gspEvents
001363bc 00000004 b gspLastEvent
001363c0 00000001 b gspRunEvents
001363c4 00000004 b gspEventThread
001363c8 00000004 b gspEvent
001363cc 00000001 b gspGpuRight
001363cd 00000001 b gspThreadId
001363d0 00000004 b gspSharedMem
001363d4 00000004 b gspSharedMemHandle
001363d8 00000004 b gspRefCount
001363dc 00000004 b gspGpuHandle
001363e0 00000001 b usingIrrst
001363e4 00000004 b hidRefCount
001363e8 00000006 b gRate
001363f0 00000006 b aVec
001363f8 00000004 b cPos
001363fc 00000004 b tPos
00136400 00000004 b kRepeat
00136404 00000004 b kUp
00136408 00000004 b kDown
0013640c 00000004 b kHeld
00136410 00000004 b kOld
00136414 00000004 B hidSharedMem
00136418 00000014 B hidEvents
0013642c 00000004 B hidMemHandle
00136430 00000004 B hidHandle
00136434 00000004 b __httpc_sharedmem_handle
00136438 00000004 b __httpc_sharedmem_size
0013643c 00000004 B __httpc_sharedmem_addr
00136440 00000004 b __httpc_refcount
00136444 00000004 B __httpc_servhandle
00136448 00000004 b irrstRefCount
0013644c 00000004 b csPos
00136450 00000004 b kHeld
00136454 00000004 B irrstSharedMem
00136458 00000004 B irrstEvent
0013645c 00000004 B irrstMemHandle
00136460 00000004 B irrstHandle
00136464 00000004 b swkbdSharedMemHandle
00136468 00000004 b swkbdSharedMem
0013646c 00000004 B __system_retAddr
00136470 00000004 B __system_argv
00136474 00000004 B __system_argc
00136478 b saved_stack
00136480 00000008 b sLinearPool
00136488 0000000c b sAddrMap
00136498 00000008 b sVramPoolB
001364a0 00000008 b sVramPoolA
001364a8 0000000c b sAddrMap
001364b4 00000004 B __3dslink_host
001364b8 00000001 V __ctru_speedup
001364bc 00000004 b srvRefCount
001364c0 00000004 b srvHandle
001364c4 00000004 b arbiter
001364c8 00000004 b currentAddr
001364cc 00000004 b maxAddr
001364d0 00000004 b minAddr
001364d4 00000004 b ptmSysmRefCount
001364d8 00000004 b ptmSysmHandle
001364dc 00000004 b srvPmHandle
001364e0 00000004 B socMemhandle
001364e4 00000004 B SOCU_handle
001364e8 00000004 V __ctru_linear_heap_size
001364ec 00000004 V __ctru_heap_size
001364f0 00000004 B __ctru_linear_heap
001364f4 00000004 B __ctru_heap
001364f8 000005c0 b archive_devices
00136ab8 00000004 b archive_device_cwd
00136abc 00000001 b archive_initialized
00136ac0 00000080 b fsExemptArchives
00136b40 00000004 b fsuRefCount
00136b44 00000004 b fsuHandle
00136b48 00000028 B __malloc_current_mallinfo
00136b70 00000004 B __malloc_max_total_mem
00136b74 00000004 B __malloc_max_sbrked_mem
00136b78 00000004 B __malloc_top_pad
00136b7c 0000000c b __sfp_recursive_mutex
00136b88 00000168 B __sf
00136cf0 00000004 B __stdio_exit_handler
00136cf4 0000000c b __malloc_recursive_mutex
00136d00 00000400 b temp_cwd
00137100 00000004 b __hndl_lock
00137104 00000004 B fake_heap_start
00137108 00000004 B fake_heap_end
0013710c 00000004 b heap_start.0
00137110 B __tls_start
00137d18 B __bss_end__
00137d18 A __end__
00137d18 B __tls_end
